[2023-06-18 16:37:56:868][main] INFO  jungle.ovengers.OVengersApplication - Starting OVengersApplication using Java 16.0.1 on MacBook-Pro-2.local with PID 94670 (/Users/chaesang-yeob/Desktop/o-vengers/build/classes/java/main started by chaesang-yeob in /Users/chaesang-yeob/Desktop/o-vengers)
[2023-06-18 16:37:56:870][main] INFO  jungle.ovengers.OVengersApplication - The following 1 profile is active: "local"
[2023-06-18 16:37:57:2211][main] INFO  o.s.d.r.c.RepositoryConfigurationDelegate - Bootstrapping Spring Data JPA repositories in DEFAULT mode.
[2023-06-18 16:37:57:2385][main] INFO  o.s.d.r.c.RepositoryConfigurationDelegate - Finished Spring Data repository scanning in 165 ms. Found 7 JPA repository interfaces.
[2023-06-18 16:37:58:3159][main] INFO  o.s.b.w.e.tomcat.TomcatWebServer - Tomcat initialized with port(s): 8080 (http)
[2023-06-18 16:37:58:3167][main] INFO  o.a.coyote.http11.Http11NioProtocol - Initializing ProtocolHandler ["http-nio-8080"]
[2023-06-18 16:37:58:3168][main] INFO  o.a.catalina.core.StandardService - Starting service [Tomcat]
[2023-06-18 16:37:58:3168][main] INFO  o.a.catalina.core.StandardEngine - Starting Servlet engine: [Apache Tomcat/9.0.75]
[2023-06-18 16:37:58:3319][main] INFO  o.a.c.c.C.[Tomcat].[localhost].[/] - Initializing Spring embedded WebApplicationContext
[2023-06-18 16:37:58:3320][main] INFO  o.s.b.w.s.c.ServletWebServerApplicationContext - Root WebApplicationContext: initialization completed in 2398 ms
[2023-06-18 16:37:59:3546][main] INFO  o.h.jpa.internal.util.LogHelper - HHH000204: Processing PersistenceUnitInfo [name: default]
[2023-06-18 16:37:59:3580][main] INFO  org.hibernate.Version - HHH000412: Hibernate ORM core version 5.6.15.Final
[2023-06-18 16:37:59:3742][main] INFO  o.h.annotations.common.Version - HCANN000001: Hibernate Commons Annotations {5.1.2.Final}
[2023-06-18 16:37:59:3813][main] INFO  com.zaxxer.hikari.HikariDataSource - HikariPool-1 - Starting...
[2023-06-18 16:37:59:4175][main] INFO  com.zaxxer.hikari.HikariDataSource - HikariPool-1 - Start completed.
[2023-06-18 16:37:59:4189][main] INFO  org.hibernate.dialect.Dialect - HHH000400: Using dialect: org.hibernate.dialect.MySQL8Dialect
[2023-06-18 16:38:00:5018][main] INFO  o.h.e.t.j.p.i.JtaPlatformInitiator - HHH000490: Using JtaPlatform implementation: [org.hibernate.engine.transaction.jta.platform.internal.NoJtaPlatform]
[2023-06-18 16:38:00:5026][main] INFO  o.s.o.j.LocalContainerEntityManagerFactoryBean - Initialized JPA EntityManagerFactory for persistence unit 'default'
[2023-06-18 16:38:00:5096][main] WARN  o.s.b.a.o.j.JpaBaseConfiguration$JpaWebConfiguration - spring.jpa.open-in-view is enabled by default. Therefore, database queries may be performed during view rendering. Explicitly configure spring.jpa.open-in-view to disable this warning
[2023-06-18 16:38:02:6759][main] INFO  o.s.s.w.DefaultSecurityFilterChain - Will secure any request with [org.springframework.security.web.session.DisableEncodeUrlFilter@3eed0375, org.springframework.security.web.context.request.async.WebAsyncManagerIntegrationFilter@3793896e, org.springframework.security.web.context.SecurityContextPersistenceFilter@760f4310, org.springframework.security.web.header.HeaderWriterFilter@4f45290f, org.springframework.web.filter.CorsFilter@47541b42, org.springframework.security.web.authentication.logout.LogoutFilter@2a4bee4e, jungle.ovengers.config.security.filter.token.AuthenticationFilter@17fbbf0a, org.springframework.security.web.savedrequest.RequestCacheAwareFilter@65e4eba5, org.springframework.security.web.servletapi.SecurityContextHolderAwareRequestFilter@77eb76f, org.springframework.security.web.authentication.AnonymousAuthenticationFilter@41dbf02b, org.springframework.security.web.session.SessionManagementFilter@54632794, org.springframework.security.web.access.ExceptionTranslationFilter@3a33d655, org.springframework.security.web.access.intercept.FilterSecurityInterceptor@6f2e0945]
[2023-06-18 16:38:02:7054][main] INFO  o.a.coyote.http11.Http11NioProtocol - Starting ProtocolHandler ["http-nio-8080"]
[2023-06-18 16:38:02:7073][main] INFO  o.s.b.w.e.tomcat.TomcatWebServer - Tomcat started on port(s): 8080 (http) with context path ''
[2023-06-18 16:38:03:8404][main] WARN  s.d.s.r.o.OperationImplicitParameterReader - Unable to interpret the implicit parameter configuration with dataType: , dataTypeClass: class java.lang.Void
[2023-06-18 16:38:04:8986][main] INFO  o.s.m.s.b.SimpleBrokerMessageHandler - Starting...
[2023-06-18 16:38:04:8986][main] INFO  o.s.m.s.b.SimpleBrokerMessageHandler - BrokerAvailabilityEvent[available=true, SimpleBrokerMessageHandler [org.springframework.messaging.simp.broker.DefaultSubscriptionRegistry@43ef1243]]
[2023-06-18 16:38:04:8987][main] INFO  o.s.m.s.b.SimpleBrokerMessageHandler - Started.
[2023-06-18 16:38:04:9003][main] INFO  jungle.ovengers.OVengersApplication - Started OVengersApplication in 8.665 seconds (JVM running for 9.6)
[2023-06-18 16:39:02:66635][MessageBroker-1] INFO  o.s.w.s.c.WebSocketMessageBrokerStats - WebSocketSession[0 current WS(0)-HttpStream(0)-HttpPoll(0), 0 total, 0 closed abnormally (0 connect failure, 0 send limit, 0 transport error)], stompSubProtocol[processed CONNECT(0)-CONNECTED(0)-DISCONNECT(0)], stompBrokerRelay[null], inboundChannel[pool size = 0, active threads = 0, queued tasks = 0, completed tasks = 0], outboundChannel[pool size = 0, active threads = 0, queued tasks = 0, completed tasks = 0], sockJsScheduler[pool size = 1, active threads = 1, queued tasks = 0, completed tasks = 0]
[2023-06-18 16:42:36:281216][http-nio-8080-exec-1] INFO  o.a.c.c.C.[Tomcat].[localhost].[/] - Initializing Spring DispatcherServlet 'dispatcherServlet'
[2023-06-18 16:42:36:281220][http-nio-8080-exec-1] INFO  o.s.web.servlet.DispatcherServlet - Initializing Servlet 'dispatcherServlet'
[2023-06-18 16:42:36:281225][http-nio-8080-exec-1] INFO  o.s.web.servlet.DispatcherServlet - Completed initialization in 5 ms
[2023-06-18 16:42:36:281375][http-nio-8080-exec-1] INFO  j.o.controller.GroupController - 찍혀라라라ㅏ
[2023-06-18 16:44:29:394260][SpringApplicationShutdownHook] INFO  o.s.m.s.b.SimpleBrokerMessageHandler - Stopping...
[2023-06-18 16:44:29:394262][SpringApplicationShutdownHook] INFO  o.s.m.s.b.SimpleBrokerMessageHandler - BrokerAvailabilityEvent[available=false, SimpleBrokerMessageHandler [org.springframework.messaging.simp.broker.DefaultSubscriptionRegistry@43ef1243]]
[2023-06-18 16:44:29:394262][SpringApplicationShutdownHook] INFO  o.s.m.s.b.SimpleBrokerMessageHandler - Stopped.
[2023-06-18 16:44:29:394318][SpringApplicationShutdownHook] INFO  o.s.o.j.LocalContainerEntityManagerFactoryBean - Closing JPA EntityManagerFactory for persistence unit 'default'
[2023-06-18 16:44:29:394321][SpringApplicationShutdownHook] INFO  com.zaxxer.hikari.HikariDataSource - HikariPool-1 - Shutdown initiated...
[2023-06-18 16:44:29:394380][SpringApplicationShutdownHook] INFO  com.zaxxer.hikari.HikariDataSource - HikariPool-1 - Shutdown completed.
[34m2023-06-18 16:44:34.139[0;39m [32m INFO[0;39m [35m95071[0;39m [2m---[0;39m [2m[           main][0;39m [36mjungle.ovengers.OVengersApplication     [0;39m [2m:[0;39m Starting OVengersApplication using Java 16.0.1 on MacBook-Pro-2.local with PID 95071 (/Users/chaesang-yeob/Desktop/o-vengers/build/classes/java/main started by chaesang-yeob in /Users/chaesang-yeob/Desktop/o-vengers)
[34m2023-06-18 16:44:34.143[0;39m [32m INFO[0;39m [35m95071[0;39m [2m---[0;39m [2m[           main][0;39m [36mjungle.ovengers.OVengersApplication     [0;39m [2m:[0;39m The following 1 profile is active: "local"
[34m2023-06-18 16:44:35.463[0;39m [32m INFO[0;39m [35m95071[0;39m [2m---[0;39m [2m[           main][0;39m [36m.s.d.r.c.RepositoryConfigurationDelegate[0;39m [2m:[0;39m Bootstrapping Spring Data JPA repositories in DEFAULT mode.
[34m2023-06-18 16:44:35.608[0;39m [32m INFO[0;39m [35m95071[0;39m [2m---[0;39m [2m[           main][0;39m [36m.s.d.r.c.RepositoryConfigurationDelegate[0;39m [2m:[0;39m Finished Spring Data repository scanning in 136 ms. Found 7 JPA repository interfaces.
[34m2023-06-18 16:44:36.319[0;39m [32m INFO[0;39m [35m95071[0;39m [2m---[0;39m [2m[           main][0;39m [36mo.s.b.w.embedded.tomcat.TomcatWebServer [0;39m [2m:[0;39m Tomcat initialized with port(s): 8080 (http)
[34m2023-06-18 16:44:36.327[0;39m [32m INFO[0;39m [35m95071[0;39m [2m---[0;39m [2m[           main][0;39m [36mo.a.coyote.http11.Http11NioProtocol     [0;39m [2m:[0;39m Initializing ProtocolHandler ["http-nio-8080"]
[34m2023-06-18 16:44:36.328[0;39m [32m INFO[0;39m [35m95071[0;39m [2m---[0;39m [2m[           main][0;39m [36mo.apache.catalina.core.StandardService  [0;39m [2m:[0;39m Starting service [Tomcat]
[34m2023-06-18 16:44:36.328[0;39m [32m INFO[0;39m [35m95071[0;39m [2m---[0;39m [2m[           main][0;39m [36morg.apache.catalina.core.StandardEngine [0;39m [2m:[0;39m Starting Servlet engine: [Apache Tomcat/9.0.75]
[34m2023-06-18 16:44:36.482[0;39m [32m INFO[0;39m [35m95071[0;39m [2m---[0;39m [2m[           main][0;39m [36mo.a.c.c.C.[Tomcat].[localhost].[/]      [0;39m [2m:[0;39m Initializing Spring embedded WebApplicationContext
[34m2023-06-18 16:44:36.483[0;39m [32m INFO[0;39m [35m95071[0;39m [2m---[0;39m [2m[           main][0;39m [36mw.s.c.ServletWebServerApplicationContext[0;39m [2m:[0;39m Root WebApplicationContext: initialization completed in 2293 ms
[34m2023-06-18 16:44:36.680[0;39m [32m INFO[0;39m [35m95071[0;39m [2m---[0;39m [2m[           main][0;39m [36mo.hibernate.jpa.internal.util.LogHelper [0;39m [2m:[0;39m HHH000204: Processing PersistenceUnitInfo [name: default]
[34m2023-06-18 16:44:36.714[0;39m [32m INFO[0;39m [35m95071[0;39m [2m---[0;39m [2m[           main][0;39m [36morg.hibernate.Version                   [0;39m [2m:[0;39m HHH000412: Hibernate ORM core version 5.6.15.Final
[34m2023-06-18 16:44:36.888[0;39m [32m INFO[0;39m [35m95071[0;39m [2m---[0;39m [2m[           main][0;39m [36mo.hibernate.annotations.common.Version  [0;39m [2m:[0;39m HCANN000001: Hibernate Commons Annotations {5.1.2.Final}
[34m2023-06-18 16:44:36.952[0;39m [32m INFO[0;39m [35m95071[0;39m [2m---[0;39m [2m[           main][0;39m [36mcom.zaxxer.hikari.HikariDataSource      [0;39m [2m:[0;39m HikariPool-1 - Starting...
[34m2023-06-18 16:44:37.320[0;39m [32m INFO[0;39m [35m95071[0;39m [2m---[0;39m [2m[           main][0;39m [36mcom.zaxxer.hikari.HikariDataSource      [0;39m [2m:[0;39m HikariPool-1 - Start completed.
[34m2023-06-18 16:44:37.335[0;39m [32m INFO[0;39m [35m95071[0;39m [2m---[0;39m [2m[           main][0;39m [36morg.hibernate.dialect.Dialect           [0;39m [2m:[0;39m HHH000400: Using dialect: org.hibernate.dialect.MySQL8Dialect
[34m2023-06-18 16:44:38.134[0;39m [32m INFO[0;39m [35m95071[0;39m [2m---[0;39m [2m[           main][0;39m [36mo.h.e.t.j.p.i.JtaPlatformInitiator      [0;39m [2m:[0;39m HHH000490: Using JtaPlatform implementation: [org.hibernate.engine.transaction.jta.platform.internal.NoJtaPlatform]
[34m2023-06-18 16:44:38.142[0;39m [32m INFO[0;39m [35m95071[0;39m [2m---[0;39m [2m[           main][0;39m [36mj.LocalContainerEntityManagerFactoryBean[0;39m [2m:[0;39m Initialized JPA EntityManagerFactory for persistence unit 'default'
[34m2023-06-18 16:44:38.212[0;39m [33m WARN[0;39m [35m95071[0;39m [2m---[0;39m [2m[           main][0;39m [36mJpaBaseConfiguration$JpaWebConfiguration[0;39m [2m:[0;39m spring.jpa.open-in-view is enabled by default. Therefore, database queries may be performed during view rendering. Explicitly configure spring.jpa.open-in-view to disable this warning
[34m2023-06-18 16:44:39.785[0;39m [32m INFO[0;39m [35m95071[0;39m [2m---[0;39m [2m[           main][0;39m [36mo.s.s.web.DefaultSecurityFilterChain    [0;39m [2m:[0;39m Will secure any request with [org.springframework.security.web.session.DisableEncodeUrlFilter@6acdca3a, org.springframework.security.web.context.request.async.WebAsyncManagerIntegrationFilter@32ae890, org.springframework.security.web.context.SecurityContextPersistenceFilter@461c0572, org.springframework.security.web.header.HeaderWriterFilter@1444e35f, org.springframework.web.filter.CorsFilter@45bb502f, org.springframework.security.web.authentication.logout.LogoutFilter@503b5337, jungle.ovengers.config.security.filter.token.AuthenticationFilter@7aac6d13, org.springframework.security.web.savedrequest.RequestCacheAwareFilter@44872224, org.springframework.security.web.servletapi.SecurityContextHolderAwareRequestFilter@4ebe6c24, org.springframework.security.web.authentication.AnonymousAuthenticationFilter@7e34e466, org.springframework.security.web.session.SessionManagementFilter@268ee31d, org.springframework.security.web.access.ExceptionTranslationFilter@2cf6b6e6, org.springframework.security.web.access.intercept.FilterSecurityInterceptor@5eba0cc5]
[34m2023-06-18 16:44:40.061[0;39m [32m INFO[0;39m [35m95071[0;39m [2m---[0;39m [2m[           main][0;39m [36mo.a.coyote.http11.Http11NioProtocol     [0;39m [2m:[0;39m Starting ProtocolHandler ["http-nio-8080"]
[34m2023-06-18 16:44:40.084[0;39m [32m INFO[0;39m [35m95071[0;39m [2m---[0;39m [2m[           main][0;39m [36mo.s.b.w.embedded.tomcat.TomcatWebServer [0;39m [2m:[0;39m Tomcat started on port(s): 8080 (http) with context path ''
[34m2023-06-18 16:44:41.269[0;39m [33m WARN[0;39m [35m95071[0;39m [2m---[0;39m [2m[           main][0;39m [36md.s.r.o.OperationImplicitParameterReader[0;39m [2m:[0;39m Unable to interpret the implicit parameter configuration with dataType: , dataTypeClass: class java.lang.Void
[34m2023-06-18 16:44:41.831[0;39m [32m INFO[0;39m [35m95071[0;39m [2m---[0;39m [2m[           main][0;39m [36mo.s.m.s.b.SimpleBrokerMessageHandler    [0;39m [2m:[0;39m Starting...
[34m2023-06-18 16:44:41.832[0;39m [32m INFO[0;39m [35m95071[0;39m [2m---[0;39m [2m[           main][0;39m [36mo.s.m.s.b.SimpleBrokerMessageHandler    [0;39m [2m:[0;39m BrokerAvailabilityEvent[available=true, SimpleBrokerMessageHandler [org.springframework.messaging.simp.broker.DefaultSubscriptionRegistry@1849d35a]]
[34m2023-06-18 16:44:41.832[0;39m [32m INFO[0;39m [35m95071[0;39m [2m---[0;39m [2m[           main][0;39m [36mo.s.m.s.b.SimpleBrokerMessageHandler    [0;39m [2m:[0;39m Started.
[34m2023-06-18 16:44:41.849[0;39m [32m INFO[0;39m [35m95071[0;39m [2m---[0;39m [2m[           main][0;39m [36mjungle.ovengers.OVengersApplication     [0;39m [2m:[0;39m Started OVengersApplication in 8.227 seconds (JVM running for 9.145)
[34m2023-06-18 16:45:39.663[0;39m [32m INFO[0;39m [35m95071[0;39m [2m---[0;39m [2m[MessageBroker-1][0;39m [36mo.s.w.s.c.WebSocketMessageBrokerStats   [0;39m [2m:[0;39m WebSocketSession[0 current WS(0)-HttpStream(0)-HttpPoll(0), 0 total, 0 closed abnormally (0 connect failure, 0 send limit, 0 transport error)], stompSubProtocol[processed CONNECT(0)-CONNECTED(0)-DISCONNECT(0)], stompBrokerRelay[null], inboundChannel[pool size = 0, active threads = 0, queued tasks = 0, completed tasks = 0], outboundChannel[pool size = 0, active threads = 0, queued tasks = 0, completed tasks = 0], sockJsScheduler[pool size = 1, active threads = 1, queued tasks = 0, completed tasks = 0]
[34m2023-06-18 16:47:27.807[0;39m [32m INFO[0;39m [35m95071[0;39m [2m---[0;39m [2m[ionShutdownHook][0;39m [36mo.s.m.s.b.SimpleBrokerMessageHandler    [0;39m [2m:[0;39m Stopping...
[34m2023-06-18 16:47:27.808[0;39m [32m INFO[0;39m [35m95071[0;39m [2m---[0;39m [2m[ionShutdownHook][0;39m [36mo.s.m.s.b.SimpleBrokerMessageHandler    [0;39m [2m:[0;39m BrokerAvailabilityEvent[available=false, SimpleBrokerMessageHandler [org.springframework.messaging.simp.broker.DefaultSubscriptionRegistry@1849d35a]]
[34m2023-06-18 16:47:27.808[0;39m [32m INFO[0;39m [35m95071[0;39m [2m---[0;39m [2m[ionShutdownHook][0;39m [36mo.s.m.s.b.SimpleBrokerMessageHandler    [0;39m [2m:[0;39m Stopped.
[34m2023-06-18 16:47:27.865[0;39m [32m INFO[0;39m [35m95071[0;39m [2m---[0;39m [2m[ionShutdownHook][0;39m [36mj.LocalContainerEntityManagerFactoryBean[0;39m [2m:[0;39m Closing JPA EntityManagerFactory for persistence unit 'default'
[34m2023-06-18 16:47:27.870[0;39m [32m INFO[0;39m [35m95071[0;39m [2m---[0;39m [2m[ionShutdownHook][0;39m [36mcom.zaxxer.hikari.HikariDataSource      [0;39m [2m:[0;39m HikariPool-1 - Shutdown initiated...
[34m2023-06-18 16:47:27.933[0;39m [32m INFO[0;39m [35m95071[0;39m [2m---[0;39m [2m[ionShutdownHook][0;39m [36mcom.zaxxer.hikari.HikariDataSource      [0;39m [2m:[0;39m HikariPool-1 - Shutdown completed.
[34m2023-06-18 16:47:31.835[0;39m [32m INFO[0;39m [35m95271[0;39m [2m---[0;39m [2m[           main][0;39m [36mjungle.ovengers.OVengersApplication     [0;39m [2m:[0;39m Starting OVengersApplication using Java 16.0.1 on MacBook-Pro-2.local with PID 95271 (/Users/chaesang-yeob/Desktop/o-vengers/build/classes/java/main started by chaesang-yeob in /Users/chaesang-yeob/Desktop/o-vengers)
[34m2023-06-18 16:47:31.838[0;39m [32m INFO[0;39m [35m95271[0;39m [2m---[0;39m [2m[           main][0;39m [36mjungle.ovengers.OVengersApplication     [0;39m [2m:[0;39m The following 1 profile is active: "local"
[34m2023-06-18 16:47:33.155[0;39m [32m INFO[0;39m [35m95271[0;39m [2m---[0;39m [2m[           main][0;39m [36m.s.d.r.c.RepositoryConfigurationDelegate[0;39m [2m:[0;39m Bootstrapping Spring Data JPA repositories in DEFAULT mode.
[34m2023-06-18 16:47:33.315[0;39m [32m INFO[0;39m [35m95271[0;39m [2m---[0;39m [2m[           main][0;39m [36m.s.d.r.c.RepositoryConfigurationDelegate[0;39m [2m:[0;39m Finished Spring Data repository scanning in 152 ms. Found 7 JPA repository interfaces.
[34m2023-06-18 16:47:34.016[0;39m [32m INFO[0;39m [35m95271[0;39m [2m---[0;39m [2m[           main][0;39m [36mo.s.b.w.embedded.tomcat.TomcatWebServer [0;39m [2m:[0;39m Tomcat initialized with port(s): 8080 (http)
[34m2023-06-18 16:47:34.024[0;39m [32m INFO[0;39m [35m95271[0;39m [2m---[0;39m [2m[           main][0;39m [36mo.a.coyote.http11.Http11NioProtocol     [0;39m [2m:[0;39m Initializing ProtocolHandler ["http-nio-8080"]
[34m2023-06-18 16:47:34.024[0;39m [32m INFO[0;39m [35m95271[0;39m [2m---[0;39m [2m[           main][0;39m [36mo.apache.catalina.core.StandardService  [0;39m [2m:[0;39m Starting service [Tomcat]
[34m2023-06-18 16:47:34.025[0;39m [32m INFO[0;39m [35m95271[0;39m [2m---[0;39m [2m[           main][0;39m [36morg.apache.catalina.core.StandardEngine [0;39m [2m:[0;39m Starting Servlet engine: [Apache Tomcat/9.0.75]
[34m2023-06-18 16:47:34.181[0;39m [32m INFO[0;39m [35m95271[0;39m [2m---[0;39m [2m[           main][0;39m [36mo.a.c.c.C.[Tomcat].[localhost].[/]      [0;39m [2m:[0;39m Initializing Spring embedded WebApplicationContext
[34m2023-06-18 16:47:34.183[0;39m [32m INFO[0;39m [35m95271[0;39m [2m---[0;39m [2m[           main][0;39m [36mw.s.c.ServletWebServerApplicationContext[0;39m [2m:[0;39m Root WebApplicationContext: initialization completed in 2295 ms
[34m2023-06-18 16:47:34.390[0;39m [32m INFO[0;39m [35m95271[0;39m [2m---[0;39m [2m[           main][0;39m [36mo.hibernate.jpa.internal.util.LogHelper [0;39m [2m:[0;39m HHH000204: Processing PersistenceUnitInfo [name: default]
[34m2023-06-18 16:47:34.424[0;39m [32m INFO[0;39m [35m95271[0;39m [2m---[0;39m [2m[           main][0;39m [36morg.hibernate.Version                   [0;39m [2m:[0;39m HHH000412: Hibernate ORM core version 5.6.15.Final
[34m2023-06-18 16:47:34.700[0;39m [32m INFO[0;39m [35m95271[0;39m [2m---[0;39m [2m[           main][0;39m [36mo.hibernate.annotations.common.Version  [0;39m [2m:[0;39m HCANN000001: Hibernate Commons Annotations {5.1.2.Final}
[34m2023-06-18 16:47:34.769[0;39m [32m INFO[0;39m [35m95271[0;39m [2m---[0;39m [2m[           main][0;39m [36mcom.zaxxer.hikari.HikariDataSource      [0;39m [2m:[0;39m HikariPool-1 - Starting...
[34m2023-06-18 16:47:35.285[0;39m [32m INFO[0;39m [35m95271[0;39m [2m---[0;39m [2m[           main][0;39m [36mcom.zaxxer.hikari.HikariDataSource      [0;39m [2m:[0;39m HikariPool-1 - Start completed.
[34m2023-06-18 16:47:35.308[0;39m [32m INFO[0;39m [35m95271[0;39m [2m---[0;39m [2m[           main][0;39m [36morg.hibernate.dialect.Dialect           [0;39m [2m:[0;39m HHH000400: Using dialect: org.hibernate.dialect.MySQL8Dialect
[34m2023-06-18 16:47:36.495[0;39m [32m INFO[0;39m [35m95271[0;39m [2m---[0;39m [2m[           main][0;39m [36mo.h.e.t.j.p.i.JtaPlatformInitiator      [0;39m [2m:[0;39m HHH000490: Using JtaPlatform implementation: [org.hibernate.engine.transaction.jta.platform.internal.NoJtaPlatform]
[34m2023-06-18 16:47:36.502[0;39m [32m INFO[0;39m [35m95271[0;39m [2m---[0;39m [2m[           main][0;39m [36mj.LocalContainerEntityManagerFactoryBean[0;39m [2m:[0;39m Initialized JPA EntityManagerFactory for persistence unit 'default'
[34m2023-06-18 16:47:36.590[0;39m [33m WARN[0;39m [35m95271[0;39m [2m---[0;39m [2m[           main][0;39m [36mJpaBaseConfiguration$JpaWebConfiguration[0;39m [2m:[0;39m spring.jpa.open-in-view is enabled by default. Therefore, database queries may be performed during view rendering. Explicitly configure spring.jpa.open-in-view to disable this warning
[34m2023-06-18 16:47:38.294[0;39m [32m INFO[0;39m [35m95271[0;39m [2m---[0;39m [2m[           main][0;39m [36mo.s.s.web.DefaultSecurityFilterChain    [0;39m [2m:[0;39m Will secure any request with [org.springframework.security.web.session.DisableEncodeUrlFilter@79177bc, org.springframework.security.web.context.request.async.WebAsyncManagerIntegrationFilter@3fe33c59, org.springframework.security.web.context.SecurityContextPersistenceFilter@50c462b8, org.springframework.security.web.header.HeaderWriterFilter@7cecd959, org.springframework.web.filter.CorsFilter@4a5cddd9, org.springframework.security.web.authentication.logout.LogoutFilter@6894d28d, jungle.ovengers.config.security.filter.token.AuthenticationFilter@34e700f4, org.springframework.security.web.savedrequest.RequestCacheAwareFilter@566dc0c3, org.springframework.security.web.servletapi.SecurityContextHolderAwareRequestFilter@c925ae1, org.springframework.security.web.authentication.AnonymousAuthenticationFilter@38c7ad43, org.springframework.security.web.session.SessionManagementFilter@2150dc64, org.springframework.security.web.access.ExceptionTranslationFilter@6c165921, org.springframework.security.web.access.intercept.FilterSecurityInterceptor@7bbab46e]
[34m2023-06-18 16:47:38.599[0;39m [32m INFO[0;39m [35m95271[0;39m [2m---[0;39m [2m[           main][0;39m [36mo.a.coyote.http11.Http11NioProtocol     [0;39m [2m:[0;39m Starting ProtocolHandler ["http-nio-8080"]
[34m2023-06-18 16:47:38.615[0;39m [32m INFO[0;39m [35m95271[0;39m [2m---[0;39m [2m[           main][0;39m [36mo.s.b.w.embedded.tomcat.TomcatWebServer [0;39m [2m:[0;39m Tomcat started on port(s): 8080 (http) with context path ''
[34m2023-06-18 16:47:39.953[0;39m [33m WARN[0;39m [35m95271[0;39m [2m---[0;39m [2m[           main][0;39m [36md.s.r.o.OperationImplicitParameterReader[0;39m [2m:[0;39m Unable to interpret the implicit parameter configuration with dataType: , dataTypeClass: class java.lang.Void
[34m2023-06-18 16:47:40.497[0;39m [32m INFO[0;39m [35m95271[0;39m [2m---[0;39m [2m[           main][0;39m [36mo.s.m.s.b.SimpleBrokerMessageHandler    [0;39m [2m:[0;39m Starting...
[34m2023-06-18 16:47:40.497[0;39m [32m INFO[0;39m [35m95271[0;39m [2m---[0;39m [2m[           main][0;39m [36mo.s.m.s.b.SimpleBrokerMessageHandler    [0;39m [2m:[0;39m BrokerAvailabilityEvent[available=true, SimpleBrokerMessageHandler [org.springframework.messaging.simp.broker.DefaultSubscriptionRegistry@1d5e0621]]
[34m2023-06-18 16:47:40.498[0;39m [32m INFO[0;39m [35m95271[0;39m [2m---[0;39m [2m[           main][0;39m [36mo.s.m.s.b.SimpleBrokerMessageHandler    [0;39m [2m:[0;39m Started.
[34m2023-06-18 16:47:40.512[0;39m [32m INFO[0;39m [35m95271[0;39m [2m---[0;39m [2m[           main][0;39m [36mjungle.ovengers.OVengersApplication     [0;39m [2m:[0;39m Started OVengersApplication in 9.198 seconds (JVM running for 10.279)
[34m2023-06-18 16:48:38.164[0;39m [32m INFO[0;39m [35m95271[0;39m [2m---[0;39m [2m[MessageBroker-1][0;39m [36mo.s.w.s.c.WebSocketMessageBrokerStats   [0;39m [2m:[0;39m WebSocketSession[0 current WS(0)-HttpStream(0)-HttpPoll(0), 0 total, 0 closed abnormally (0 connect failure, 0 send limit, 0 transport error)], stompSubProtocol[processed CONNECT(0)-CONNECTED(0)-DISCONNECT(0)], stompBrokerRelay[null], inboundChannel[pool size = 0, active threads = 0, queued tasks = 0, completed tasks = 0], outboundChannel[pool size = 0, active threads = 0, queued tasks = 0, completed tasks = 0], sockJsScheduler[pool size = 1, active threads = 1, queued tasks = 0, completed tasks = 0]
[34m2023-06-18 16:49:53.842[0;39m [32m INFO[0;39m [35m95271[0;39m [2m---[0;39m [2m[ionShutdownHook][0;39m [36mo.s.m.s.b.SimpleBrokerMessageHandler    [0;39m [2m:[0;39m Stopping...
[34m2023-06-18 16:49:53.845[0;39m [32m INFO[0;39m [35m95271[0;39m [2m---[0;39m [2m[ionShutdownHook][0;39m [36mo.s.m.s.b.SimpleBrokerMessageHandler    [0;39m [2m:[0;39m BrokerAvailabilityEvent[available=false, SimpleBrokerMessageHandler [org.springframework.messaging.simp.broker.DefaultSubscriptionRegistry@1d5e0621]]
[34m2023-06-18 16:49:53.846[0;39m [32m INFO[0;39m [35m95271[0;39m [2m---[0;39m [2m[ionShutdownHook][0;39m [36mo.s.m.s.b.SimpleBrokerMessageHandler    [0;39m [2m:[0;39m Stopped.
[34m2023-06-18 16:49:53.907[0;39m [32m INFO[0;39m [35m95271[0;39m [2m---[0;39m [2m[ionShutdownHook][0;39m [36mj.LocalContainerEntityManagerFactoryBean[0;39m [2m:[0;39m Closing JPA EntityManagerFactory for persistence unit 'default'
[34m2023-06-18 16:49:53.910[0;39m [32m INFO[0;39m [35m95271[0;39m [2m---[0;39m [2m[ionShutdownHook][0;39m [36mcom.zaxxer.hikari.HikariDataSource      [0;39m [2m:[0;39m HikariPool-1 - Shutdown initiated...
[34m2023-06-18 16:49:53.969[0;39m [32m INFO[0;39m [35m95271[0;39m [2m---[0;39m [2m[ionShutdownHook][0;39m [36mcom.zaxxer.hikari.HikariDataSource      [0;39m [2m:[0;39m HikariPool-1 - Shutdown completed.
[34m2023-06-18 16:49:58.892[0;39m [32m INFO[0;39m [35m95422[0;39m [2m---[0;39m [2m[           main][0;39m [36mjungle.ovengers.OVengersApplication     [0;39m [2m:[0;39m Starting OVengersApplication using Java 16.0.1 on MacBook-Pro-2.local with PID 95422 (/Users/chaesang-yeob/Desktop/o-vengers/build/classes/java/main started by chaesang-yeob in /Users/chaesang-yeob/Desktop/o-vengers)
[34m2023-06-18 16:49:58.893[0;39m [32m INFO[0;39m [35m95422[0;39m [2m---[0;39m [2m[           main][0;39m [36mjungle.ovengers.OVengersApplication     [0;39m [2m:[0;39m The following 1 profile is active: "local"
[34m2023-06-18 16:50:00.218[0;39m [32m INFO[0;39m [35m95422[0;39m [2m---[0;39m [2m[           main][0;39m [36m.s.d.r.c.RepositoryConfigurationDelegate[0;39m [2m:[0;39m Bootstrapping Spring Data JPA repositories in DEFAULT mode.
[34m2023-06-18 16:50:00.372[0;39m [32m INFO[0;39m [35m95422[0;39m [2m---[0;39m [2m[           main][0;39m [36m.s.d.r.c.RepositoryConfigurationDelegate[0;39m [2m:[0;39m Finished Spring Data repository scanning in 145 ms. Found 7 JPA repository interfaces.
[34m2023-06-18 16:50:01.079[0;39m [32m INFO[0;39m [35m95422[0;39m [2m---[0;39m [2m[           main][0;39m [36mo.s.b.w.embedded.tomcat.TomcatWebServer [0;39m [2m:[0;39m Tomcat initialized with port(s): 8080 (http)
[34m2023-06-18 16:50:01.086[0;39m [32m INFO[0;39m [35m95422[0;39m [2m---[0;39m [2m[           main][0;39m [36mo.a.coyote.http11.Http11NioProtocol     [0;39m [2m:[0;39m Initializing ProtocolHandler ["http-nio-8080"]
[34m2023-06-18 16:50:01.087[0;39m [32m INFO[0;39m [35m95422[0;39m [2m---[0;39m [2m[           main][0;39m [36mo.apache.catalina.core.StandardService  [0;39m [2m:[0;39m Starting service [Tomcat]
[34m2023-06-18 16:50:01.087[0;39m [32m INFO[0;39m [35m95422[0;39m [2m---[0;39m [2m[           main][0;39m [36morg.apache.catalina.core.StandardEngine [0;39m [2m:[0;39m Starting Servlet engine: [Apache Tomcat/9.0.75]
[34m2023-06-18 16:50:01.217[0;39m [32m INFO[0;39m [35m95422[0;39m [2m---[0;39m [2m[           main][0;39m [36mo.a.c.c.C.[Tomcat].[localhost].[/]      [0;39m [2m:[0;39m Initializing Spring embedded WebApplicationContext
[34m2023-06-18 16:50:01.219[0;39m [32m INFO[0;39m [35m95422[0;39m [2m---[0;39m [2m[           main][0;39m [36mw.s.c.ServletWebServerApplicationContext[0;39m [2m:[0;39m Root WebApplicationContext: initialization completed in 2273 ms
[34m2023-06-18 16:50:01.405[0;39m [32m INFO[0;39m [35m95422[0;39m [2m---[0;39m [2m[           main][0;39m [36mo.hibernate.jpa.internal.util.LogHelper [0;39m [2m:[0;39m HHH000204: Processing PersistenceUnitInfo [name: default]
[34m2023-06-18 16:50:01.436[0;39m [32m INFO[0;39m [35m95422[0;39m [2m---[0;39m [2m[           main][0;39m [36morg.hibernate.Version                   [0;39m [2m:[0;39m HHH000412: Hibernate ORM core version 5.6.15.Final
[34m2023-06-18 16:50:01.590[0;39m [32m INFO[0;39m [35m95422[0;39m [2m---[0;39m [2m[           main][0;39m [36mo.hibernate.annotations.common.Version  [0;39m [2m:[0;39m HCANN000001: Hibernate Commons Annotations {5.1.2.Final}
[34m2023-06-18 16:50:01.651[0;39m [32m INFO[0;39m [35m95422[0;39m [2m---[0;39m [2m[           main][0;39m [36mcom.zaxxer.hikari.HikariDataSource      [0;39m [2m:[0;39m HikariPool-1 - Starting...
[34m2023-06-18 16:50:01.987[0;39m [32m INFO[0;39m [35m95422[0;39m [2m---[0;39m [2m[           main][0;39m [36mcom.zaxxer.hikari.HikariDataSource      [0;39m [2m:[0;39m HikariPool-1 - Start completed.
[34m2023-06-18 16:50:02.001[0;39m [32m INFO[0;39m [35m95422[0;39m [2m---[0;39m [2m[           main][0;39m [36morg.hibernate.dialect.Dialect           [0;39m [2m:[0;39m HHH000400: Using dialect: org.hibernate.dialect.MySQL8Dialect
[34m2023-06-18 16:50:02.863[0;39m [32m INFO[0;39m [35m95422[0;39m [2m---[0;39m [2m[           main][0;39m [36mo.h.e.t.j.p.i.JtaPlatformInitiator      [0;39m [2m:[0;39m HHH000490: Using JtaPlatform implementation: [org.hibernate.engine.transaction.jta.platform.internal.NoJtaPlatform]
[34m2023-06-18 16:50:02.869[0;39m [32m INFO[0;39m [35m95422[0;39m [2m---[0;39m [2m[           main][0;39m [36mj.LocalContainerEntityManagerFactoryBean[0;39m [2m:[0;39m Initialized JPA EntityManagerFactory for persistence unit 'default'
[34m2023-06-18 16:50:02.934[0;39m [33m WARN[0;39m [35m95422[0;39m [2m---[0;39m [2m[           main][0;39m [36mJpaBaseConfiguration$JpaWebConfiguration[0;39m [2m:[0;39m spring.jpa.open-in-view is enabled by default. Therefore, database queries may be performed during view rendering. Explicitly configure spring.jpa.open-in-view to disable this warning
[34m2023-06-18 16:50:04.427[0;39m [32m INFO[0;39m [35m95422[0;39m [2m---[0;39m [2m[           main][0;39m [36mo.s.s.web.DefaultSecurityFilterChain    [0;39m [2m:[0;39m Will secure any request with [org.springframework.security.web.session.DisableEncodeUrlFilter@71cdde0c, org.springframework.security.web.context.request.async.WebAsyncManagerIntegrationFilter@23f16852, org.springframework.security.web.context.SecurityContextPersistenceFilter@3803bc1a, org.springframework.security.web.header.HeaderWriterFilter@6223dbed, org.springframework.web.filter.CorsFilter@dc6a186, org.springframework.security.web.authentication.logout.LogoutFilter@92fa950, jungle.ovengers.config.security.filter.token.AuthenticationFilter@30a8ac50, org.springframework.security.web.savedrequest.RequestCacheAwareFilter@39a8c08f, org.springframework.security.web.servletapi.SecurityContextHolderAwareRequestFilter@5c0d876c, org.springframework.security.web.authentication.AnonymousAuthenticationFilter@2f0a29f7, org.springframework.security.web.session.SessionManagementFilter@1f40bb80, org.springframework.security.web.access.ExceptionTranslationFilter@4f50e974, org.springframework.security.web.access.intercept.FilterSecurityInterceptor@51bba775]
[34m2023-06-18 16:50:04.786[0;39m [32m INFO[0;39m [35m95422[0;39m [2m---[0;39m [2m[           main][0;39m [36mo.a.coyote.http11.Http11NioProtocol     [0;39m [2m:[0;39m Starting ProtocolHandler ["http-nio-8080"]
[34m2023-06-18 16:50:04.802[0;39m [32m INFO[0;39m [35m95422[0;39m [2m---[0;39m [2m[           main][0;39m [36mo.s.b.w.embedded.tomcat.TomcatWebServer [0;39m [2m:[0;39m Tomcat started on port(s): 8080 (http) with context path ''
[34m2023-06-18 16:50:05.941[0;39m [33m WARN[0;39m [35m95422[0;39m [2m---[0;39m [2m[           main][0;39m [36md.s.r.o.OperationImplicitParameterReader[0;39m [2m:[0;39m Unable to interpret the implicit parameter configuration with dataType: , dataTypeClass: class java.lang.Void
[34m2023-06-18 16:50:06.516[0;39m [32m INFO[0;39m [35m95422[0;39m [2m---[0;39m [2m[           main][0;39m [36mo.s.m.s.b.SimpleBrokerMessageHandler    [0;39m [2m:[0;39m Starting...
[34m2023-06-18 16:50:06.516[0;39m [32m INFO[0;39m [35m95422[0;39m [2m---[0;39m [2m[           main][0;39m [36mo.s.m.s.b.SimpleBrokerMessageHandler    [0;39m [2m:[0;39m BrokerAvailabilityEvent[available=true, SimpleBrokerMessageHandler [org.springframework.messaging.simp.broker.DefaultSubscriptionRegistry@27959922]]
[34m2023-06-18 16:50:06.517[0;39m [32m INFO[0;39m [35m95422[0;39m [2m---[0;39m [2m[           main][0;39m [36mo.s.m.s.b.SimpleBrokerMessageHandler    [0;39m [2m:[0;39m Started.
[34m2023-06-18 16:50:06.530[0;39m [32m INFO[0;39m [35m95422[0;39m [2m---[0;39m [2m[           main][0;39m [36mjungle.ovengers.OVengersApplication     [0;39m [2m:[0;39m Started OVengersApplication in 8.163 seconds (JVM running for 9.101)
[34m2023-06-18 16:50:30.645[0;39m [32m INFO[0;39m [35m95422[0;39m [2m---[0;39m [2m[ionShutdownHook][0;39m [36mo.s.m.s.b.SimpleBrokerMessageHandler    [0;39m [2m:[0;39m Stopping...
[34m2023-06-18 16:50:30.647[0;39m [32m INFO[0;39m [35m95422[0;39m [2m---[0;39m [2m[ionShutdownHook][0;39m [36mo.s.m.s.b.SimpleBrokerMessageHandler    [0;39m [2m:[0;39m BrokerAvailabilityEvent[available=false, SimpleBrokerMessageHandler [org.springframework.messaging.simp.broker.DefaultSubscriptionRegistry@27959922]]
[34m2023-06-18 16:50:30.647[0;39m [32m INFO[0;39m [35m95422[0;39m [2m---[0;39m [2m[ionShutdownHook][0;39m [36mo.s.m.s.b.SimpleBrokerMessageHandler    [0;39m [2m:[0;39m Stopped.
[34m2023-06-18 16:50:30.692[0;39m [32m INFO[0;39m [35m95422[0;39m [2m---[0;39m [2m[ionShutdownHook][0;39m [36mj.LocalContainerEntityManagerFactoryBean[0;39m [2m:[0;39m Closing JPA EntityManagerFactory for persistence unit 'default'
[34m2023-06-18 16:50:30.696[0;39m [32m INFO[0;39m [35m95422[0;39m [2m---[0;39m [2m[ionShutdownHook][0;39m [36mcom.zaxxer.hikari.HikariDataSource      [0;39m [2m:[0;39m HikariPool-1 - Shutdown initiated...
[34m2023-06-18 16:50:30.753[0;39m [32m INFO[0;39m [35m95422[0;39m [2m---[0;39m [2m[ionShutdownHook][0;39m [36mcom.zaxxer.hikari.HikariDataSource      [0;39m [2m:[0;39m HikariPool-1 - Shutdown completed.
[34m2023-06-18 16:50:34.448[0;39m [32m INFO[0;39m [35m95458[0;39m [2m---[0;39m [2m[           main][0;39m [36mjungle.ovengers.OVengersApplication     [0;39m [2m:[0;39m Starting OVengersApplication using Java 16.0.1 on MacBook-Pro-2.local with PID 95458 (/Users/chaesang-yeob/Desktop/o-vengers/build/classes/java/main started by chaesang-yeob in /Users/chaesang-yeob/Desktop/o-vengers)
[34m2023-06-18 16:50:34.452[0;39m [32m INFO[0;39m [35m95458[0;39m [2m---[0;39m [2m[           main][0;39m [36mjungle.ovengers.OVengersApplication     [0;39m [2m:[0;39m The following 1 profile is active: "local"
[34m2023-06-18 16:50:35.711[0;39m [32m INFO[0;39m [35m95458[0;39m [2m---[0;39m [2m[           main][0;39m [36m.s.d.r.c.RepositoryConfigurationDelegate[0;39m [2m:[0;39m Bootstrapping Spring Data JPA repositories in DEFAULT mode.
[34m2023-06-18 16:50:35.864[0;39m [32m INFO[0;39m [35m95458[0;39m [2m---[0;39m [2m[           main][0;39m [36m.s.d.r.c.RepositoryConfigurationDelegate[0;39m [2m:[0;39m Finished Spring Data repository scanning in 145 ms. Found 7 JPA repository interfaces.
[34m2023-06-18 16:50:36.524[0;39m [32m INFO[0;39m [35m95458[0;39m [2m---[0;39m [2m[           main][0;39m [36mo.s.b.w.embedded.tomcat.TomcatWebServer [0;39m [2m:[0;39m Tomcat initialized with port(s): 8080 (http)
[34m2023-06-18 16:50:36.544[0;39m [32m INFO[0;39m [35m95458[0;39m [2m---[0;39m [2m[           main][0;39m [36mo.a.coyote.http11.Http11NioProtocol     [0;39m [2m:[0;39m Initializing ProtocolHandler ["http-nio-8080"]
[34m2023-06-18 16:50:36.545[0;39m [32m INFO[0;39m [35m95458[0;39m [2m---[0;39m [2m[           main][0;39m [36mo.apache.catalina.core.StandardService  [0;39m [2m:[0;39m Starting service [Tomcat]
[34m2023-06-18 16:50:36.545[0;39m [32m INFO[0;39m [35m95458[0;39m [2m---[0;39m [2m[           main][0;39m [36morg.apache.catalina.core.StandardEngine [0;39m [2m:[0;39m Starting Servlet engine: [Apache Tomcat/9.0.75]
[34m2023-06-18 16:50:36.688[0;39m [32m INFO[0;39m [35m95458[0;39m [2m---[0;39m [2m[           main][0;39m [36mo.a.c.c.C.[Tomcat].[localhost].[/]      [0;39m [2m:[0;39m Initializing Spring embedded WebApplicationContext
[34m2023-06-18 16:50:36.690[0;39m [32m INFO[0;39m [35m95458[0;39m [2m---[0;39m [2m[           main][0;39m [36mw.s.c.ServletWebServerApplicationContext[0;39m [2m:[0;39m Root WebApplicationContext: initialization completed in 2184 ms
[34m2023-06-18 16:50:36.904[0;39m [32m INFO[0;39m [35m95458[0;39m [2m---[0;39m [2m[           main][0;39m [36mo.hibernate.jpa.internal.util.LogHelper [0;39m [2m:[0;39m HHH000204: Processing PersistenceUnitInfo [name: default]
[34m2023-06-18 16:50:36.944[0;39m [32m INFO[0;39m [35m95458[0;39m [2m---[0;39m [2m[           main][0;39m [36morg.hibernate.Version                   [0;39m [2m:[0;39m HHH000412: Hibernate ORM core version 5.6.15.Final
[34m2023-06-18 16:50:37.102[0;39m [32m INFO[0;39m [35m95458[0;39m [2m---[0;39m [2m[           main][0;39m [36mo.hibernate.annotations.common.Version  [0;39m [2m:[0;39m HCANN000001: Hibernate Commons Annotations {5.1.2.Final}
[34m2023-06-18 16:50:37.164[0;39m [32m INFO[0;39m [35m95458[0;39m [2m---[0;39m [2m[           main][0;39m [36mcom.zaxxer.hikari.HikariDataSource      [0;39m [2m:[0;39m HikariPool-1 - Starting...
[34m2023-06-18 16:50:37.559[0;39m [32m INFO[0;39m [35m95458[0;39m [2m---[0;39m [2m[           main][0;39m [36mcom.zaxxer.hikari.HikariDataSource      [0;39m [2m:[0;39m HikariPool-1 - Start completed.
[34m2023-06-18 16:50:37.575[0;39m [32m INFO[0;39m [35m95458[0;39m [2m---[0;39m [2m[           main][0;39m [36morg.hibernate.dialect.Dialect           [0;39m [2m:[0;39m HHH000400: Using dialect: org.hibernate.dialect.MySQL8Dialect
[34m2023-06-18 16:50:38.369[0;39m [32m INFO[0;39m [35m95458[0;39m [2m---[0;39m [2m[           main][0;39m [36mo.h.e.t.j.p.i.JtaPlatformInitiator      [0;39m [2m:[0;39m HHH000490: Using JtaPlatform implementation: [org.hibernate.engine.transaction.jta.platform.internal.NoJtaPlatform]
[34m2023-06-18 16:50:38.377[0;39m [32m INFO[0;39m [35m95458[0;39m [2m---[0;39m [2m[           main][0;39m [36mj.LocalContainerEntityManagerFactoryBean[0;39m [2m:[0;39m Initialized JPA EntityManagerFactory for persistence unit 'default'
[34m2023-06-18 16:50:38.444[0;39m [33m WARN[0;39m [35m95458[0;39m [2m---[0;39m [2m[           main][0;39m [36mJpaBaseConfiguration$JpaWebConfiguration[0;39m [2m:[0;39m spring.jpa.open-in-view is enabled by default. Therefore, database queries may be performed during view rendering. Explicitly configure spring.jpa.open-in-view to disable this warning
[34m2023-06-18 16:50:40.010[0;39m [32m INFO[0;39m [35m95458[0;39m [2m---[0;39m [2m[           main][0;39m [36mo.s.s.web.DefaultSecurityFilterChain    [0;39m [2m:[0;39m Will secure any request with [org.springframework.security.web.session.DisableEncodeUrlFilter@4a5cddd9, org.springframework.security.web.context.request.async.WebAsyncManagerIntegrationFilter@34e700f4, org.springframework.security.web.context.SecurityContextPersistenceFilter@566dc0c3, org.springframework.security.web.header.HeaderWriterFilter@2150dc64, org.springframework.web.filter.CorsFilter@38c7ad43, org.springframework.security.web.authentication.logout.LogoutFilter@19beeb61, jungle.ovengers.config.security.filter.token.AuthenticationFilter@1ee04ff6, org.springframework.security.web.savedrequest.RequestCacheAwareFilter@7fb02869, org.springframework.security.web.servletapi.SecurityContextHolderAwareRequestFilter@92fa950, org.springframework.security.web.authentication.AnonymousAuthenticationFilter@32fefbe6, org.springframework.security.web.session.SessionManagementFilter@258ff54a, org.springframework.security.web.access.ExceptionTranslationFilter@7cecd959, org.springframework.security.web.access.intercept.FilterSecurityInterceptor@71cdde0c]
[34m2023-06-18 16:50:40.325[0;39m [32m INFO[0;39m [35m95458[0;39m [2m---[0;39m [2m[           main][0;39m [36mo.a.coyote.http11.Http11NioProtocol     [0;39m [2m:[0;39m Starting ProtocolHandler ["http-nio-8080"]
[34m2023-06-18 16:50:40.342[0;39m [32m INFO[0;39m [35m95458[0;39m [2m---[0;39m [2m[           main][0;39m [36mo.s.b.w.embedded.tomcat.TomcatWebServer [0;39m [2m:[0;39m Tomcat started on port(s): 8080 (http) with context path ''
[34m2023-06-18 16:50:41.694[0;39m [33m WARN[0;39m [35m95458[0;39m [2m---[0;39m [2m[           main][0;39m [36md.s.r.o.OperationImplicitParameterReader[0;39m [2m:[0;39m Unable to interpret the implicit parameter configuration with dataType: , dataTypeClass: class java.lang.Void
[34m2023-06-18 16:50:42.273[0;39m [32m INFO[0;39m [35m95458[0;39m [2m---[0;39m [2m[           main][0;39m [36mo.s.m.s.b.SimpleBrokerMessageHandler    [0;39m [2m:[0;39m Starting...
[34m2023-06-18 16:50:42.273[0;39m [32m INFO[0;39m [35m95458[0;39m [2m---[0;39m [2m[           main][0;39m [36mo.s.m.s.b.SimpleBrokerMessageHandler    [0;39m [2m:[0;39m BrokerAvailabilityEvent[available=true, SimpleBrokerMessageHandler [org.springframework.messaging.simp.broker.DefaultSubscriptionRegistry@628fa8ea]]
[34m2023-06-18 16:50:42.274[0;39m [32m INFO[0;39m [35m95458[0;39m [2m---[0;39m [2m[           main][0;39m [36mo.s.m.s.b.SimpleBrokerMessageHandler    [0;39m [2m:[0;39m Started.
[34m2023-06-18 16:50:42.290[0;39m [32m INFO[0;39m [35m95458[0;39m [2m---[0;39m [2m[           main][0;39m [36mjungle.ovengers.OVengersApplication     [0;39m [2m:[0;39m Started OVengersApplication in 8.5 seconds (JVM running for 9.545)
[34m2023-06-18 16:51:16.545[0;39m [32m INFO[0;39m [35m95458[0;39m [2m---[0;39m [2m[nio-8080-exec-2][0;39m [36mo.a.c.c.C.[Tomcat].[localhost].[/]      [0;39m [2m:[0;39m Initializing Spring DispatcherServlet 'dispatcherServlet'
[34m2023-06-18 16:51:16.551[0;39m [32m INFO[0;39m [35m95458[0;39m [2m---[0;39m [2m[nio-8080-exec-2][0;39m [36mo.s.web.servlet.DispatcherServlet       [0;39m [2m:[0;39m Initializing Servlet 'dispatcherServlet'
[34m2023-06-18 16:51:16.571[0;39m [32m INFO[0;39m [35m95458[0;39m [2m---[0;39m [2m[nio-8080-exec-2][0;39m [36mo.s.web.servlet.DispatcherServlet       [0;39m [2m:[0;39m Completed initialization in 20 ms
[34m2023-06-18 16:51:16.706[0;39m [32m INFO[0;39m [35m95458[0;39m [2m---[0;39m [2m[nio-8080-exec-2][0;39m [36mj.ovengers.controller.GroupController   [0;39m [2m:[0;39m 찍혀라라라ㅏ
[34m2023-06-18 16:51:18.104[0;39m [32m INFO[0;39m [35m95458[0;39m [2m---[0;39m [2m[nio-8080-exec-4][0;39m [36mj.ovengers.controller.GroupController   [0;39m [2m:[0;39m 찍혀라라라ㅏ
[34m2023-06-18 16:51:39.890[0;39m [32m INFO[0;39m [35m95458[0;39m [2m---[0;39m [2m[MessageBroker-1][0;39m [36mo.s.w.s.c.WebSocketMessageBrokerStats   [0;39m [2m:[0;39m WebSocketSession[0 current WS(0)-HttpStream(0)-HttpPoll(0), 0 total, 0 closed abnormally (0 connect failure, 0 send limit, 0 transport error)], stompSubProtocol[processed CONNECT(0)-CONNECTED(0)-DISCONNECT(0)], stompBrokerRelay[null], inboundChannel[pool size = 0, active threads = 0, queued tasks = 0, completed tasks = 0], outboundChannel[pool size = 0, active threads = 0, queued tasks = 0, completed tasks = 0], sockJsScheduler[pool size = 1, active threads = 1, queued tasks = 0, completed tasks = 0]
[34m2023-06-18 16:53:00.135[0;39m [32m INFO[0;39m [35m95458[0;39m [2m---[0;39m [2m[ionShutdownHook][0;39m [36mo.s.m.s.b.SimpleBrokerMessageHandler    [0;39m [2m:[0;39m Stopping...
[34m2023-06-18 16:53:00.138[0;39m [32m INFO[0;39m [35m95458[0;39m [2m---[0;39m [2m[ionShutdownHook][0;39m [36mo.s.m.s.b.SimpleBrokerMessageHandler    [0;39m [2m:[0;39m BrokerAvailabilityEvent[available=false, SimpleBrokerMessageHandler [org.springframework.messaging.simp.broker.DefaultSubscriptionRegistry@628fa8ea]]
[34m2023-06-18 16:53:00.139[0;39m [32m INFO[0;39m [35m95458[0;39m [2m---[0;39m [2m[ionShutdownHook][0;39m [36mo.s.m.s.b.SimpleBrokerMessageHandler    [0;39m [2m:[0;39m Stopped.
[34m2023-06-18 16:53:00.195[0;39m [32m INFO[0;39m [35m95458[0;39m [2m---[0;39m [2m[ionShutdownHook][0;39m [36mj.LocalContainerEntityManagerFactoryBean[0;39m [2m:[0;39m Closing JPA EntityManagerFactory for persistence unit 'default'
[34m2023-06-18 16:53:00.198[0;39m [32m INFO[0;39m [35m95458[0;39m [2m---[0;39m [2m[ionShutdownHook][0;39m [36mcom.zaxxer.hikari.HikariDataSource      [0;39m [2m:[0;39m HikariPool-1 - Shutdown initiated...
[34m2023-06-18 16:53:00.243[0;39m [32m INFO[0;39m [35m95458[0;39m [2m---[0;39m [2m[ionShutdownHook][0;39m [36mcom.zaxxer.hikari.HikariDataSource      [0;39m [2m:[0;39m HikariPool-1 - Shutdown completed.
[34m2023-06-18 16:53:05.010[0;39m [32m INFO[0;39m [35m95601[0;39m [2m---[0;39m [2m[           main][0;39m [36mjungle.ovengers.OVengersApplication     [0;39m [2m:[0;39m Starting OVengersApplication using Java 16.0.1 on MacBook-Pro-2.local with PID 95601 (/Users/chaesang-yeob/Desktop/o-vengers/build/classes/java/main started by chaesang-yeob in /Users/chaesang-yeob/Desktop/o-vengers)
[34m2023-06-18 16:53:05.014[0;39m [32m INFO[0;39m [35m95601[0;39m [2m---[0;39m [2m[           main][0;39m [36mjungle.ovengers.OVengersApplication     [0;39m [2m:[0;39m The following 1 profile is active: "local"
[34m2023-06-18 16:53:06.159[0;39m [32m INFO[0;39m [35m95601[0;39m [2m---[0;39m [2m[           main][0;39m [36m.s.d.r.c.RepositoryConfigurationDelegate[0;39m [2m:[0;39m Bootstrapping Spring Data JPA repositories in DEFAULT mode.
[34m2023-06-18 16:53:06.308[0;39m [32m INFO[0;39m [35m95601[0;39m [2m---[0;39m [2m[           main][0;39m [36m.s.d.r.c.RepositoryConfigurationDelegate[0;39m [2m:[0;39m Finished Spring Data repository scanning in 141 ms. Found 7 JPA repository interfaces.
[34m2023-06-18 16:53:06.965[0;39m [32m INFO[0;39m [35m95601[0;39m [2m---[0;39m [2m[           main][0;39m [36mo.s.b.w.embedded.tomcat.TomcatWebServer [0;39m [2m:[0;39m Tomcat initialized with port(s): 8080 (http)
[34m2023-06-18 16:53:06.976[0;39m [32m INFO[0;39m [35m95601[0;39m [2m---[0;39m [2m[           main][0;39m [36mo.a.coyote.http11.Http11NioProtocol     [0;39m [2m:[0;39m Initializing ProtocolHandler ["http-nio-8080"]
[34m2023-06-18 16:53:06.977[0;39m [32m INFO[0;39m [35m95601[0;39m [2m---[0;39m [2m[           main][0;39m [36mo.apache.catalina.core.StandardService  [0;39m [2m:[0;39m Starting service [Tomcat]
[34m2023-06-18 16:53:06.978[0;39m [32m INFO[0;39m [35m95601[0;39m [2m---[0;39m [2m[           main][0;39m [36morg.apache.catalina.core.StandardEngine [0;39m [2m:[0;39m Starting Servlet engine: [Apache Tomcat/9.0.75]
[34m2023-06-18 16:53:07.092[0;39m [32m INFO[0;39m [35m95601[0;39m [2m---[0;39m [2m[           main][0;39m [36mo.a.c.c.C.[Tomcat].[localhost].[/]      [0;39m [2m:[0;39m Initializing Spring embedded WebApplicationContext
[34m2023-06-18 16:53:07.096[0;39m [32m INFO[0;39m [35m95601[0;39m [2m---[0;39m [2m[           main][0;39m [36mw.s.c.ServletWebServerApplicationContext[0;39m [2m:[0;39m Root WebApplicationContext: initialization completed in 2040 ms
[34m2023-06-18 16:53:07.287[0;39m [32m INFO[0;39m [35m95601[0;39m [2m---[0;39m [2m[           main][0;39m [36mo.hibernate.jpa.internal.util.LogHelper [0;39m [2m:[0;39m HHH000204: Processing PersistenceUnitInfo [name: default]
[34m2023-06-18 16:53:07.320[0;39m [32m INFO[0;39m [35m95601[0;39m [2m---[0;39m [2m[           main][0;39m [36morg.hibernate.Version                   [0;39m [2m:[0;39m HHH000412: Hibernate ORM core version 5.6.15.Final
[34m2023-06-18 16:53:07.424[0;39m [32m INFO[0;39m [35m95601[0;39m [2m---[0;39m [2m[           main][0;39m [36mo.hibernate.annotations.common.Version  [0;39m [2m:[0;39m HCANN000001: Hibernate Commons Annotations {5.1.2.Final}
[34m2023-06-18 16:53:07.539[0;39m [32m INFO[0;39m [35m95601[0;39m [2m---[0;39m [2m[           main][0;39m [36mcom.zaxxer.hikari.HikariDataSource      [0;39m [2m:[0;39m HikariPool-1 - Starting...
[34m2023-06-18 16:53:07.745[0;39m [32m INFO[0;39m [35m95601[0;39m [2m---[0;39m [2m[           main][0;39m [36mcom.zaxxer.hikari.HikariDataSource      [0;39m [2m:[0;39m HikariPool-1 - Start completed.
[34m2023-06-18 16:53:07.757[0;39m [32m INFO[0;39m [35m95601[0;39m [2m---[0;39m [2m[           main][0;39m [36morg.hibernate.dialect.Dialect           [0;39m [2m:[0;39m HHH000400: Using dialect: org.hibernate.dialect.MySQL8Dialect
[34m2023-06-18 16:53:08.548[0;39m [32m INFO[0;39m [35m95601[0;39m [2m---[0;39m [2m[           main][0;39m [36mo.h.e.t.j.p.i.JtaPlatformInitiator      [0;39m [2m:[0;39m HHH000490: Using JtaPlatform implementation: [org.hibernate.engine.transaction.jta.platform.internal.NoJtaPlatform]
[34m2023-06-18 16:53:08.556[0;39m [32m INFO[0;39m [35m95601[0;39m [2m---[0;39m [2m[           main][0;39m [36mj.LocalContainerEntityManagerFactoryBean[0;39m [2m:[0;39m Initialized JPA EntityManagerFactory for persistence unit 'default'
[34m2023-06-18 16:53:08.629[0;39m [33m WARN[0;39m [35m95601[0;39m [2m---[0;39m [2m[           main][0;39m [36mJpaBaseConfiguration$JpaWebConfiguration[0;39m [2m:[0;39m spring.jpa.open-in-view is enabled by default. Therefore, database queries may be performed during view rendering. Explicitly configure spring.jpa.open-in-view to disable this warning
[34m2023-06-18 16:53:10.051[0;39m [32m INFO[0;39m [35m95601[0;39m [2m---[0;39m [2m[           main][0;39m [36mo.s.s.web.DefaultSecurityFilterChain    [0;39m [2m:[0;39m Will secure any request with [org.springframework.security.web.session.DisableEncodeUrlFilter@16ea56ab, org.springframework.security.web.context.request.async.WebAsyncManagerIntegrationFilter@135fb22d, org.springframework.security.web.context.SecurityContextPersistenceFilter@6a73b74c, org.springframework.security.web.header.HeaderWriterFilter@4c821dc7, org.springframework.web.filter.CorsFilter@461e0652, org.springframework.security.web.authentication.logout.LogoutFilter@4f9e32f2, jungle.ovengers.config.security.filter.token.AuthenticationFilter@3b9d5218, org.springframework.security.web.savedrequest.RequestCacheAwareFilter@4c58212, org.springframework.security.web.servletapi.SecurityContextHolderAwareRequestFilter@6236beac, org.springframework.security.web.authentication.AnonymousAuthenticationFilter@7f8614ce, org.springframework.security.web.session.SessionManagementFilter@230ea983, org.springframework.security.web.access.ExceptionTranslationFilter@16bed816, org.springframework.security.web.access.intercept.FilterSecurityInterceptor@71443983]
[34m2023-06-18 16:53:10.299[0;39m [32m INFO[0;39m [35m95601[0;39m [2m---[0;39m [2m[           main][0;39m [36mo.a.coyote.http11.Http11NioProtocol     [0;39m [2m:[0;39m Starting ProtocolHandler ["http-nio-8080"]
[34m2023-06-18 16:53:10.316[0;39m [32m INFO[0;39m [35m95601[0;39m [2m---[0;39m [2m[           main][0;39m [36mo.s.b.w.embedded.tomcat.TomcatWebServer [0;39m [2m:[0;39m Tomcat started on port(s): 8080 (http) with context path ''
[34m2023-06-18 16:53:11.465[0;39m [33m WARN[0;39m [35m95601[0;39m [2m---[0;39m [2m[           main][0;39m [36md.s.r.o.OperationImplicitParameterReader[0;39m [2m:[0;39m Unable to interpret the implicit parameter configuration with dataType: , dataTypeClass: class java.lang.Void
[34m2023-06-18 16:53:11.994[0;39m [32m INFO[0;39m [35m95601[0;39m [2m---[0;39m [2m[           main][0;39m [36mo.s.m.s.b.SimpleBrokerMessageHandler    [0;39m [2m:[0;39m Starting...
[34m2023-06-18 16:53:11.994[0;39m [32m INFO[0;39m [35m95601[0;39m [2m---[0;39m [2m[           main][0;39m [36mo.s.m.s.b.SimpleBrokerMessageHandler    [0;39m [2m:[0;39m BrokerAvailabilityEvent[available=true, SimpleBrokerMessageHandler [org.springframework.messaging.simp.broker.DefaultSubscriptionRegistry@7452e4ec]]
[34m2023-06-18 16:53:11.995[0;39m [32m INFO[0;39m [35m95601[0;39m [2m---[0;39m [2m[           main][0;39m [36mo.s.m.s.b.SimpleBrokerMessageHandler    [0;39m [2m:[0;39m Started.
[34m2023-06-18 16:53:12.010[0;39m [32m INFO[0;39m [35m95601[0;39m [2m---[0;39m [2m[           main][0;39m [36mjungle.ovengers.OVengersApplication     [0;39m [2m:[0;39m Started OVengersApplication in 8.397 seconds (JVM running for 9.419)
[34m2023-06-18 16:54:09.923[0;39m [32m INFO[0;39m [35m95601[0;39m [2m---[0;39m [2m[MessageBroker-1][0;39m [36mo.s.w.s.c.WebSocketMessageBrokerStats   [0;39m [2m:[0;39m WebSocketSession[0 current WS(0)-HttpStream(0)-HttpPoll(0), 0 total, 0 closed abnormally (0 connect failure, 0 send limit, 0 transport error)], stompSubProtocol[processed CONNECT(0)-CONNECTED(0)-DISCONNECT(0)], stompBrokerRelay[null], inboundChannel[pool size = 0, active threads = 0, queued tasks = 0, completed tasks = 0], outboundChannel[pool size = 0, active threads = 0, queued tasks = 0, completed tasks = 0], sockJsScheduler[pool size = 1, active threads = 1, queued tasks = 0, completed tasks = 0]
[34m2023-06-18 16:54:38.470[0;39m [32m INFO[0;39m [35m95601[0;39m [2m---[0;39m [2m[ionShutdownHook][0;39m [36mo.s.m.s.b.SimpleBrokerMessageHandler    [0;39m [2m:[0;39m Stopping...
[34m2023-06-18 16:54:38.478[0;39m [32m INFO[0;39m [35m95601[0;39m [2m---[0;39m [2m[ionShutdownHook][0;39m [36mo.s.m.s.b.SimpleBrokerMessageHandler    [0;39m [2m:[0;39m BrokerAvailabilityEvent[available=false, SimpleBrokerMessageHandler [org.springframework.messaging.simp.broker.DefaultSubscriptionRegistry@7452e4ec]]
[34m2023-06-18 16:54:38.478[0;39m [32m INFO[0;39m [35m95601[0;39m [2m---[0;39m [2m[ionShutdownHook][0;39m [36mo.s.m.s.b.SimpleBrokerMessageHandler    [0;39m [2m:[0;39m Stopped.
[34m2023-06-18 16:54:38.537[0;39m [32m INFO[0;39m [35m95601[0;39m [2m---[0;39m [2m[ionShutdownHook][0;39m [36mj.LocalContainerEntityManagerFactoryBean[0;39m [2m:[0;39m Closing JPA EntityManagerFactory for persistence unit 'default'
[34m2023-06-18 16:54:38.540[0;39m [32m INFO[0;39m [35m95601[0;39m [2m---[0;39m [2m[ionShutdownHook][0;39m [36mcom.zaxxer.hikari.HikariDataSource      [0;39m [2m:[0;39m HikariPool-1 - Shutdown initiated...
[34m2023-06-18 16:54:38.582[0;39m [32m INFO[0;39m [35m95601[0;39m [2m---[0;39m [2m[ionShutdownHook][0;39m [36mcom.zaxxer.hikari.HikariDataSource      [0;39m [2m:[0;39m HikariPool-1 - Shutdown completed.
[34m2023-06-18 16:54:48.507[0;39m [33m WARN[0;39m [35m95699[0;39m [2m---[0;39m [2m[           main][0;39m [36mJpaBaseConfiguration$JpaWebConfiguration[0;39m [2m:[0;39m spring.jpa.open-in-view is enabled by default. Therefore, database queries may be performed during view rendering. Explicitly configure spring.jpa.open-in-view to disable this warning
[34m2023-06-18 16:54:51.415[0;39m [33m WARN[0;39m [35m95699[0;39m [2m---[0;39m [2m[           main][0;39m [36md.s.r.o.OperationImplicitParameterReader[0;39m [2m:[0;39m Unable to interpret the implicit parameter configuration with dataType: , dataTypeClass: class java.lang.Void
[34m2023-06-18 16:55:25.939[0;39m [32m INFO[0;39m [35m95747[0;39m [2m---[0;39m [2m[           main][0;39m [36mjungle.ovengers.OVengersApplication     [0;39m [2m:[0;39m Starting OVengersApplication using Java 16.0.1 on MacBook-Pro-2.local with PID 95747 (/Users/chaesang-yeob/Desktop/o-vengers/build/classes/java/main started by chaesang-yeob in /Users/chaesang-yeob/Desktop/o-vengers)
[34m2023-06-18 16:55:25.944[0;39m [32m INFO[0;39m [35m95747[0;39m [2m---[0;39m [2m[           main][0;39m [36mjungle.ovengers.OVengersApplication     [0;39m [2m:[0;39m The following 1 profile is active: "local"
[34m2023-06-18 16:55:27.153[0;39m [32m INFO[0;39m [35m95747[0;39m [2m---[0;39m [2m[           main][0;39m [36m.s.d.r.c.RepositoryConfigurationDelegate[0;39m [2m:[0;39m Bootstrapping Spring Data JPA repositories in DEFAULT mode.
[34m2023-06-18 16:55:27.290[0;39m [32m INFO[0;39m [35m95747[0;39m [2m---[0;39m [2m[           main][0;39m [36m.s.d.r.c.RepositoryConfigurationDelegate[0;39m [2m:[0;39m Finished Spring Data repository scanning in 130 ms. Found 7 JPA repository interfaces.
[34m2023-06-18 16:55:27.948[0;39m [32m INFO[0;39m [35m95747[0;39m [2m---[0;39m [2m[           main][0;39m [36mo.s.b.w.embedded.tomcat.TomcatWebServer [0;39m [2m:[0;39m Tomcat initialized with port(s): 8080 (http)
[34m2023-06-18 16:55:27.956[0;39m [32m INFO[0;39m [35m95747[0;39m [2m---[0;39m [2m[           main][0;39m [36mo.a.coyote.http11.Http11NioProtocol     [0;39m [2m:[0;39m Initializing ProtocolHandler ["http-nio-8080"]
[34m2023-06-18 16:55:27.956[0;39m [32m INFO[0;39m [35m95747[0;39m [2m---[0;39m [2m[           main][0;39m [36mo.apache.catalina.core.StandardService  [0;39m [2m:[0;39m Starting service [Tomcat]
[34m2023-06-18 16:55:27.956[0;39m [32m INFO[0;39m [35m95747[0;39m [2m---[0;39m [2m[           main][0;39m [36morg.apache.catalina.core.StandardEngine [0;39m [2m:[0;39m Starting Servlet engine: [Apache Tomcat/9.0.75]
[34m2023-06-18 16:55:28.074[0;39m [32m INFO[0;39m [35m95747[0;39m [2m---[0;39m [2m[           main][0;39m [36mo.a.c.c.C.[Tomcat].[localhost].[/]      [0;39m [2m:[0;39m Initializing Spring embedded WebApplicationContext
[34m2023-06-18 16:55:28.076[0;39m [32m INFO[0;39m [35m95747[0;39m [2m---[0;39m [2m[           main][0;39m [36mw.s.c.ServletWebServerApplicationContext[0;39m [2m:[0;39m Root WebApplicationContext: initialization completed in 2068 ms
[34m2023-06-18 16:55:28.269[0;39m [32m INFO[0;39m [35m95747[0;39m [2m---[0;39m [2m[           main][0;39m [36mo.hibernate.jpa.internal.util.LogHelper [0;39m [2m:[0;39m HHH000204: Processing PersistenceUnitInfo [name: default]
[34m2023-06-18 16:55:28.300[0;39m [32m INFO[0;39m [35m95747[0;39m [2m---[0;39m [2m[           main][0;39m [36morg.hibernate.Version                   [0;39m [2m:[0;39m HHH000412: Hibernate ORM core version 5.6.15.Final
[34m2023-06-18 16:55:28.403[0;39m [32m INFO[0;39m [35m95747[0;39m [2m---[0;39m [2m[           main][0;39m [36mo.hibernate.annotations.common.Version  [0;39m [2m:[0;39m HCANN000001: Hibernate Commons Annotations {5.1.2.Final}
[34m2023-06-18 16:55:28.468[0;39m [32m INFO[0;39m [35m95747[0;39m [2m---[0;39m [2m[           main][0;39m [36mcom.zaxxer.hikari.HikariDataSource      [0;39m [2m:[0;39m HikariPool-1 - Starting...
[34m2023-06-18 16:55:28.706[0;39m [32m INFO[0;39m [35m95747[0;39m [2m---[0;39m [2m[           main][0;39m [36mcom.zaxxer.hikari.HikariDataSource      [0;39m [2m:[0;39m HikariPool-1 - Start completed.
[34m2023-06-18 16:55:28.718[0;39m [32m INFO[0;39m [35m95747[0;39m [2m---[0;39m [2m[           main][0;39m [36morg.hibernate.dialect.Dialect           [0;39m [2m:[0;39m HHH000400: Using dialect: org.hibernate.dialect.MySQL8Dialect
[34m2023-06-18 16:55:29.435[0;39m [32m INFO[0;39m [35m95747[0;39m [2m---[0;39m [2m[           main][0;39m [36mo.h.e.t.j.p.i.JtaPlatformInitiator      [0;39m [2m:[0;39m HHH000490: Using JtaPlatform implementation: [org.hibernate.engine.transaction.jta.platform.internal.NoJtaPlatform]
[34m2023-06-18 16:55:29.442[0;39m [32m INFO[0;39m [35m95747[0;39m [2m---[0;39m [2m[           main][0;39m [36mj.LocalContainerEntityManagerFactoryBean[0;39m [2m:[0;39m Initialized JPA EntityManagerFactory for persistence unit 'default'
[34m2023-06-18 16:55:29.503[0;39m [33m WARN[0;39m [35m95747[0;39m [2m---[0;39m [2m[           main][0;39m [36mJpaBaseConfiguration$JpaWebConfiguration[0;39m [2m:[0;39m spring.jpa.open-in-view is enabled by default. Therefore, database queries may be performed during view rendering. Explicitly configure spring.jpa.open-in-view to disable this warning
[34m2023-06-18 16:55:30.856[0;39m [32m INFO[0;39m [35m95747[0;39m [2m---[0;39m [2m[           main][0;39m [36mo.s.s.web.DefaultSecurityFilterChain    [0;39m [2m:[0;39m Will secure any request with [org.springframework.security.web.session.DisableEncodeUrlFilter@71cdb24, org.springframework.security.web.context.request.async.WebAsyncManagerIntegrationFilter@33a1bb90, org.springframework.security.web.context.SecurityContextPersistenceFilter@99e03a9, org.springframework.security.web.header.HeaderWriterFilter@3b30409, org.springframework.web.filter.CorsFilter@520b547c, org.springframework.security.web.authentication.logout.LogoutFilter@35216a2e, jungle.ovengers.config.security.filter.token.AuthenticationFilter@79c4c973, org.springframework.security.web.savedrequest.RequestCacheAwareFilter@32f35739, org.springframework.security.web.servletapi.SecurityContextHolderAwareRequestFilter@70c6860, org.springframework.security.web.authentication.AnonymousAuthenticationFilter@18e0f894, org.springframework.security.web.session.SessionManagementFilter@11885841, org.springframework.security.web.access.ExceptionTranslationFilter@1aae50f9, org.springframework.security.web.access.intercept.FilterSecurityInterceptor@1e499f1]
[34m2023-06-18 16:55:31.130[0;39m [32m INFO[0;39m [35m95747[0;39m [2m---[0;39m [2m[           main][0;39m [36mo.a.coyote.http11.Http11NioProtocol     [0;39m [2m:[0;39m Starting ProtocolHandler ["http-nio-8080"]
[34m2023-06-18 16:55:31.144[0;39m [32m INFO[0;39m [35m95747[0;39m [2m---[0;39m [2m[           main][0;39m [36mo.s.b.w.embedded.tomcat.TomcatWebServer [0;39m [2m:[0;39m Tomcat started on port(s): 8080 (http) with context path ''
[34m2023-06-18 16:55:32.386[0;39m [33m WARN[0;39m [35m95747[0;39m [2m---[0;39m [2m[           main][0;39m [36md.s.r.o.OperationImplicitParameterReader[0;39m [2m:[0;39m Unable to interpret the implicit parameter configuration with dataType: , dataTypeClass: class java.lang.Void
[34m2023-06-18 16:55:32.952[0;39m [32m INFO[0;39m [35m95747[0;39m [2m---[0;39m [2m[           main][0;39m [36mo.s.m.s.b.SimpleBrokerMessageHandler    [0;39m [2m:[0;39m Starting...
[34m2023-06-18 16:55:32.953[0;39m [32m INFO[0;39m [35m95747[0;39m [2m---[0;39m [2m[           main][0;39m [36mo.s.m.s.b.SimpleBrokerMessageHandler    [0;39m [2m:[0;39m BrokerAvailabilityEvent[available=true, SimpleBrokerMessageHandler [org.springframework.messaging.simp.broker.DefaultSubscriptionRegistry@583f6270]]
[34m2023-06-18 16:55:32.954[0;39m [32m INFO[0;39m [35m95747[0;39m [2m---[0;39m [2m[           main][0;39m [36mo.s.m.s.b.SimpleBrokerMessageHandler    [0;39m [2m:[0;39m Started.
[34m2023-06-18 16:55:32.967[0;39m [32m INFO[0;39m [35m95747[0;39m [2m---[0;39m [2m[           main][0;39m [36mjungle.ovengers.OVengersApplication     [0;39m [2m:[0;39m Started OVengersApplication in 8.693 seconds (JVM running for 10.11)
[34m2023-06-18 16:55:49.996[0;39m [32m INFO[0;39m [35m95747[0;39m [2m---[0;39m [2m[ionShutdownHook][0;39m [36mo.s.m.s.b.SimpleBrokerMessageHandler    [0;39m [2m:[0;39m Stopping...
[34m2023-06-18 16:55:49.997[0;39m [32m INFO[0;39m [35m95747[0;39m [2m---[0;39m [2m[ionShutdownHook][0;39m [36mo.s.m.s.b.SimpleBrokerMessageHandler    [0;39m [2m:[0;39m BrokerAvailabilityEvent[available=false, SimpleBrokerMessageHandler [org.springframework.messaging.simp.broker.DefaultSubscriptionRegistry@583f6270]]
[34m2023-06-18 16:55:49.998[0;39m [32m INFO[0;39m [35m95747[0;39m [2m---[0;39m [2m[ionShutdownHook][0;39m [36mo.s.m.s.b.SimpleBrokerMessageHandler    [0;39m [2m:[0;39m Stopped.
[34m2023-06-18 16:55:50.064[0;39m [32m INFO[0;39m [35m95747[0;39m [2m---[0;39m [2m[ionShutdownHook][0;39m [36mj.LocalContainerEntityManagerFactoryBean[0;39m [2m:[0;39m Closing JPA EntityManagerFactory for persistence unit 'default'
[34m2023-06-18 16:55:50.068[0;39m [32m INFO[0;39m [35m95747[0;39m [2m---[0;39m [2m[ionShutdownHook][0;39m [36mcom.zaxxer.hikari.HikariDataSource      [0;39m [2m:[0;39m HikariPool-1 - Shutdown initiated...
[34m2023-06-18 16:55:50.128[0;39m [32m INFO[0;39m [35m95747[0;39m [2m---[0;39m [2m[ionShutdownHook][0;39m [36mcom.zaxxer.hikari.HikariDataSource      [0;39m [2m:[0;39m HikariPool-1 - Shutdown completed.
[34m2023-06-18 16:55:57.375[0;39m [32m INFO[0;39m [35m95781[0;39m [2m---[0;39m [2m[           main][0;39m [36mjungle.ovengers.OVengersApplication     [0;39m [2m:[0;39m Starting OVengersApplication using Java 16.0.1 on MacBook-Pro-2.local with PID 95781 (/Users/chaesang-yeob/Desktop/o-vengers/build/classes/java/main started by chaesang-yeob in /Users/chaesang-yeob/Desktop/o-vengers)
[34m2023-06-18 16:55:57.380[0;39m [32m INFO[0;39m [35m95781[0;39m [2m---[0;39m [2m[           main][0;39m [36mjungle.ovengers.OVengersApplication     [0;39m [2m:[0;39m The following 1 profile is active: "local"
[34m2023-06-18 16:55:58.632[0;39m [32m INFO[0;39m [35m95781[0;39m [2m---[0;39m [2m[           main][0;39m [36m.s.d.r.c.RepositoryConfigurationDelegate[0;39m [2m:[0;39m Bootstrapping Spring Data JPA repositories in DEFAULT mode.
[34m2023-06-18 16:55:58.776[0;39m [32m INFO[0;39m [35m95781[0;39m [2m---[0;39m [2m[           main][0;39m [36m.s.d.r.c.RepositoryConfigurationDelegate[0;39m [2m:[0;39m Finished Spring Data repository scanning in 136 ms. Found 7 JPA repository interfaces.
[34m2023-06-18 16:55:59.578[0;39m [32m INFO[0;39m [35m95781[0;39m [2m---[0;39m [2m[           main][0;39m [36mo.s.b.w.embedded.tomcat.TomcatWebServer [0;39m [2m:[0;39m Tomcat initialized with port(s): 8080 (http)
[34m2023-06-18 16:55:59.586[0;39m [32m INFO[0;39m [35m95781[0;39m [2m---[0;39m [2m[           main][0;39m [36mo.a.coyote.http11.Http11NioProtocol     [0;39m [2m:[0;39m Initializing ProtocolHandler ["http-nio-8080"]
[34m2023-06-18 16:55:59.586[0;39m [32m INFO[0;39m [35m95781[0;39m [2m---[0;39m [2m[           main][0;39m [36mo.apache.catalina.core.StandardService  [0;39m [2m:[0;39m Starting service [Tomcat]
[34m2023-06-18 16:55:59.587[0;39m [32m INFO[0;39m [35m95781[0;39m [2m---[0;39m [2m[           main][0;39m [36morg.apache.catalina.core.StandardEngine [0;39m [2m:[0;39m Starting Servlet engine: [Apache Tomcat/9.0.75]
[34m2023-06-18 16:55:59.697[0;39m [32m INFO[0;39m [35m95781[0;39m [2m---[0;39m [2m[           main][0;39m [36mo.a.c.c.C.[Tomcat].[localhost].[/]      [0;39m [2m:[0;39m Initializing Spring embedded WebApplicationContext
[34m2023-06-18 16:55:59.699[0;39m [32m INFO[0;39m [35m95781[0;39m [2m---[0;39m [2m[           main][0;39m [36mw.s.c.ServletWebServerApplicationContext[0;39m [2m:[0;39m Root WebApplicationContext: initialization completed in 2268 ms
[34m2023-06-18 16:55:59.909[0;39m [32m INFO[0;39m [35m95781[0;39m [2m---[0;39m [2m[           main][0;39m [36mo.hibernate.jpa.internal.util.LogHelper [0;39m [2m:[0;39m HHH000204: Processing PersistenceUnitInfo [name: default]
[34m2023-06-18 16:55:59.950[0;39m [32m INFO[0;39m [35m95781[0;39m [2m---[0;39m [2m[           main][0;39m [36morg.hibernate.Version                   [0;39m [2m:[0;39m HHH000412: Hibernate ORM core version 5.6.15.Final
[34m2023-06-18 16:56:00.071[0;39m [32m INFO[0;39m [35m95781[0;39m [2m---[0;39m [2m[           main][0;39m [36mo.hibernate.annotations.common.Version  [0;39m [2m:[0;39m HCANN000001: Hibernate Commons Annotations {5.1.2.Final}
[34m2023-06-18 16:56:00.133[0;39m [32m INFO[0;39m [35m95781[0;39m [2m---[0;39m [2m[           main][0;39m [36mcom.zaxxer.hikari.HikariDataSource      [0;39m [2m:[0;39m HikariPool-1 - Starting...
[34m2023-06-18 16:56:00.431[0;39m [32m INFO[0;39m [35m95781[0;39m [2m---[0;39m [2m[           main][0;39m [36mcom.zaxxer.hikari.HikariDataSource      [0;39m [2m:[0;39m HikariPool-1 - Start completed.
[34m2023-06-18 16:56:00.445[0;39m [32m INFO[0;39m [35m95781[0;39m [2m---[0;39m [2m[           main][0;39m [36morg.hibernate.dialect.Dialect           [0;39m [2m:[0;39m HHH000400: Using dialect: org.hibernate.dialect.MySQL8Dialect
[34m2023-06-18 16:56:01.571[0;39m [32m INFO[0;39m [35m95781[0;39m [2m---[0;39m [2m[           main][0;39m [36mo.h.e.t.j.p.i.JtaPlatformInitiator      [0;39m [2m:[0;39m HHH000490: Using JtaPlatform implementation: [org.hibernate.engine.transaction.jta.platform.internal.NoJtaPlatform]
[34m2023-06-18 16:56:01.578[0;39m [32m INFO[0;39m [35m95781[0;39m [2m---[0;39m [2m[           main][0;39m [36mj.LocalContainerEntityManagerFactoryBean[0;39m [2m:[0;39m Initialized JPA EntityManagerFactory for persistence unit 'default'
[34m2023-06-18 16:56:01.643[0;39m [33m WARN[0;39m [35m95781[0;39m [2m---[0;39m [2m[           main][0;39m [36mJpaBaseConfiguration$JpaWebConfiguration[0;39m [2m:[0;39m spring.jpa.open-in-view is enabled by default. Therefore, database queries may be performed during view rendering. Explicitly configure spring.jpa.open-in-view to disable this warning
[34m2023-06-18 16:56:03.141[0;39m [32m INFO[0;39m [35m95781[0;39m [2m---[0;39m [2m[           main][0;39m [36mo.s.s.web.DefaultSecurityFilterChain    [0;39m [2m:[0;39m Will secure any request with [org.springframework.security.web.session.DisableEncodeUrlFilter@105d2c27, org.springframework.security.web.context.request.async.WebAsyncManagerIntegrationFilter@7ca46aaf, org.springframework.security.web.context.SecurityContextPersistenceFilter@4cae7d5, org.springframework.security.web.header.HeaderWriterFilter@357f0cc9, org.springframework.web.filter.CorsFilter@701c092c, org.springframework.security.web.authentication.logout.LogoutFilter@2f26634a, jungle.ovengers.config.security.filter.token.AuthenticationFilter@20c4be8d, org.springframework.security.web.savedrequest.RequestCacheAwareFilter@4390b78f, org.springframework.security.web.servletapi.SecurityContextHolderAwareRequestFilter@230ea983, org.springframework.security.web.authentication.AnonymousAuthenticationFilter@590182a6, org.springframework.security.web.session.SessionManagementFilter@5713e261, org.springframework.security.web.access.ExceptionTranslationFilter@4528a871, org.springframework.security.web.access.intercept.FilterSecurityInterceptor@7906de2f]
[34m2023-06-18 16:56:03.420[0;39m [32m INFO[0;39m [35m95781[0;39m [2m---[0;39m [2m[           main][0;39m [36mo.a.coyote.http11.Http11NioProtocol     [0;39m [2m:[0;39m Starting ProtocolHandler ["http-nio-8080"]
[34m2023-06-18 16:56:03.436[0;39m [32m INFO[0;39m [35m95781[0;39m [2m---[0;39m [2m[           main][0;39m [36mo.s.b.w.embedded.tomcat.TomcatWebServer [0;39m [2m:[0;39m Tomcat started on port(s): 8080 (http) with context path ''
[34m2023-06-18 16:56:04.608[0;39m [33m WARN[0;39m [35m95781[0;39m [2m---[0;39m [2m[           main][0;39m [36md.s.r.o.OperationImplicitParameterReader[0;39m [2m:[0;39m Unable to interpret the implicit parameter configuration with dataType: , dataTypeClass: class java.lang.Void
[34m2023-06-18 16:56:05.341[0;39m [32m INFO[0;39m [35m95781[0;39m [2m---[0;39m [2m[           main][0;39m [36mo.s.m.s.b.SimpleBrokerMessageHandler    [0;39m [2m:[0;39m Starting...
[34m2023-06-18 16:56:05.342[0;39m [32m INFO[0;39m [35m95781[0;39m [2m---[0;39m [2m[           main][0;39m [36mo.s.m.s.b.SimpleBrokerMessageHandler    [0;39m [2m:[0;39m BrokerAvailabilityEvent[available=true, SimpleBrokerMessageHandler [org.springframework.messaging.simp.broker.DefaultSubscriptionRegistry@649df002]]
[34m2023-06-18 16:56:05.343[0;39m [32m INFO[0;39m [35m95781[0;39m [2m---[0;39m [2m[           main][0;39m [36mo.s.m.s.b.SimpleBrokerMessageHandler    [0;39m [2m:[0;39m Started.
[34m2023-06-18 16:56:05.370[0;39m [32m INFO[0;39m [35m95781[0;39m [2m---[0;39m [2m[           main][0;39m [36mjungle.ovengers.OVengersApplication     [0;39m [2m:[0;39m Started OVengersApplication in 9.638 seconds (JVM running for 10.582)
[34m2023-06-18 16:56:42.861[0;39m [32m INFO[0;39m [35m95781[0;39m [2m---[0;39m [2m[nio-8080-exec-1][0;39m [36mo.a.c.c.C.[Tomcat].[localhost].[/]      [0;39m [2m:[0;39m Initializing Spring DispatcherServlet 'dispatcherServlet'
[34m2023-06-18 16:56:42.866[0;39m [32m INFO[0;39m [35m95781[0;39m [2m---[0;39m [2m[nio-8080-exec-1][0;39m [36mo.s.web.servlet.DispatcherServlet       [0;39m [2m:[0;39m Initializing Servlet 'dispatcherServlet'
[34m2023-06-18 16:56:42.877[0;39m [32m INFO[0;39m [35m95781[0;39m [2m---[0;39m [2m[nio-8080-exec-1][0;39m [36mo.s.web.servlet.DispatcherServlet       [0;39m [2m:[0;39m Completed initialization in 11 ms
[34m2023-06-18 16:56:42.995[0;39m [31mERROR[0;39m [35m95781[0;39m [2m---[0;39m [2m[nio-8080-exec-1][0;39m [36mj.ovengers.controller.GroupController   [0;39m [2m:[0;39m 찍혀라라라ㅏ
[34m2023-06-18 16:56:44.553[0;39m [31mERROR[0;39m [35m95781[0;39m [2m---[0;39m [2m[nio-8080-exec-4][0;39m [36mj.ovengers.controller.GroupController   [0;39m [2m:[0;39m 찍혀라라라ㅏ
[34m2023-06-18 16:57:03.013[0;39m [32m INFO[0;39m [35m95781[0;39m [2m---[0;39m [2m[MessageBroker-1][0;39m [36mo.s.w.s.c.WebSocketMessageBrokerStats   [0;39m [2m:[0;39m WebSocketSession[0 current WS(0)-HttpStream(0)-HttpPoll(0), 0 total, 0 closed abnormally (0 connect failure, 0 send limit, 0 transport error)], stompSubProtocol[processed CONNECT(0)-CONNECTED(0)-DISCONNECT(0)], stompBrokerRelay[null], inboundChannel[pool size = 0, active threads = 0, queued tasks = 0, completed tasks = 0], outboundChannel[pool size = 0, active threads = 0, queued tasks = 0, completed tasks = 0], sockJsScheduler[pool size = 1, active threads = 1, queued tasks = 0, completed tasks = 0]
[34m2023-06-18 16:58:22.425[0;39m [33m WARN[0;39m [35m95781[0;39m [2m---[0;39m [2m[nio-8080-exec-8][0;39m [36mj.o.c.s.filter.token.TokenResolver      [0;39m [2m:[0;39m Failed to get memberId. token: eyJ0eXAiOiJKV1QiLCJhbGciOiJIUzM4NCJ9.eyJtZW1iZXJJZCI6MiwiaWF0IjoxNjg2NTY3MzI4LCJleHAiOjE3MTgxMjQ5Mjh9.Fe41KXumYnAb2Iopw982AW3dGqiIRyKFZ6WfZZ_kNSTUg3G3sTBc7aUcRk3Benw
[34m2023-06-18 17:02:16.039[0;39m [32m INFO[0;39m [35m95781[0;39m [2m---[0;39m [2m[ionShutdownHook][0;39m [36mo.s.m.s.b.SimpleBrokerMessageHandler    [0;39m [2m:[0;39m Stopping...
[34m2023-06-18 17:02:16.043[0;39m [32m INFO[0;39m [35m95781[0;39m [2m---[0;39m [2m[ionShutdownHook][0;39m [36mo.s.m.s.b.SimpleBrokerMessageHandler    [0;39m [2m:[0;39m BrokerAvailabilityEvent[available=false, SimpleBrokerMessageHandler [org.springframework.messaging.simp.broker.DefaultSubscriptionRegistry@649df002]]
[34m2023-06-18 17:02:16.043[0;39m [32m INFO[0;39m [35m95781[0;39m [2m---[0;39m [2m[ionShutdownHook][0;39m [36mo.s.m.s.b.SimpleBrokerMessageHandler    [0;39m [2m:[0;39m Stopped.
[34m2023-06-18 17:02:16.099[0;39m [32m INFO[0;39m [35m95781[0;39m [2m---[0;39m [2m[ionShutdownHook][0;39m [36mj.LocalContainerEntityManagerFactoryBean[0;39m [2m:[0;39m Closing JPA EntityManagerFactory for persistence unit 'default'
[34m2023-06-18 17:02:16.103[0;39m [32m INFO[0;39m [35m95781[0;39m [2m---[0;39m [2m[ionShutdownHook][0;39m [36mcom.zaxxer.hikari.HikariDataSource      [0;39m [2m:[0;39m HikariPool-1 - Shutdown initiated...
[34m2023-06-18 17:02:16.146[0;39m [32m INFO[0;39m [35m95781[0;39m [2m---[0;39m [2m[ionShutdownHook][0;39m [36mcom.zaxxer.hikari.HikariDataSource      [0;39m [2m:[0;39m HikariPool-1 - Shutdown completed.
